<?xml version="1.0" encoding="UTF-8"?>
<!-- Generated by org.testng.reporters.JUnitXMLReporter -->
<testsuite ignored="0" hostname="LAPTOP-J2TF772B" failures="0" tests="3" name="Default test" time="13.138" errors="0" timestamp="2020-10-31T17:05:33 IST">
  <testcase classname="com.demo.pet.store.tests.APITest" name="getDemoPetStore" time="6.291"/>
  <testcase classname="com.demo.pet.store.tests.APITest" name="addAndUpdateAvailablePet" time="3.404"/>
  <testcase classname="com.demo.pet.store.tests.APITest" name="deleteDemoPet" time="1.917"/>
</testsuite> <!-- Default test -->
