<?xml version="1.0" encoding="UTF-8"?>
<testng-results ignored="0" total="3" passed="3" failed="0" skipped="0">
  <reporter-output>
  </reporter-output>
  <suite started-at="2020-10-31T17:05:20 IST" name="Default suite" finished-at="2020-10-31T17:05:33 IST" duration-ms="13138">
    <groups>
    </groups>
    <test started-at="2020-10-31T17:05:20 IST" name="Default test" finished-at="2020-10-31T17:05:33 IST" duration-ms="13138">
      <class name="com.demo.pet.store.tests.APITest">
        <test-method is-config="true" signature="intialStep()[pri:0, instance:com.demo.pet.store.tests.APITest@2e222612]" started-at="2020-10-31T17:05:20 IST" name="intialStep" finished-at="2020-10-31T17:05:22 IST" duration-ms="1460" status="PASS">
          <reporter-output>
          </reporter-output>
        </test-method> <!-- intialStep -->
        <test-method signature="getDemoPetStore()[pri:1, instance:com.demo.pet.store.tests.APITest@2e222612]" started-at="2020-10-31T17:05:22 IST" name="getDemoPetStore" finished-at="2020-10-31T17:05:28 IST" duration-ms="6291" status="PASS">
          <reporter-output>
          </reporter-output>
        </test-method> <!-- getDemoPetStore -->
        <test-method signature="addAndUpdateAvailablePet()[pri:2, instance:com.demo.pet.store.tests.APITest@2e222612]" started-at="2020-10-31T17:05:28 IST" name="addAndUpdateAvailablePet" finished-at="2020-10-31T17:05:31 IST" duration-ms="3404" status="PASS">
          <reporter-output>
          </reporter-output>
        </test-method> <!-- addAndUpdateAvailablePet -->
        <test-method signature="deleteDemoPet()[pri:3, instance:com.demo.pet.store.tests.APITest@2e222612]" started-at="2020-10-31T17:05:31 IST" name="deleteDemoPet" finished-at="2020-10-31T17:05:33 IST" duration-ms="1917" status="PASS">
          <reporter-output>
          </reporter-output>
        </test-method> <!-- deleteDemoPet -->
      </class> <!-- com.demo.pet.store.tests.APITest -->
    </test> <!-- Default test -->
  </suite> <!-- Default suite -->
</testng-results>
